--- LOG: DVD [2004-12-09 16:51:29]   
   INFO: [encode2mpeg] version 0.3.2 running in Mpeg Mode
   INFO: [encode2mpeg] command line: '-o DVD dvd://1 -dvd -mpeg -imageonly -encode 0:0:1 -ac3 copy -n n -multiaudio 128,129,130 -addchapter copy -addsub copy'
   MPEG: frameformat:DVD vfr:4 vbr:7500 abr:192 asr:48000 audioformat:ac3 ac3:copy multiaudio:128,129,130 mpegencoder:mencoder aspect:4/3
   MPEG: encode:0:0:1 AUDIOPASS:-oac copy VIDEOPASS:-ovc copy -of mpeg PASS:1 
   INFO: [input] ID_FILENAME=dvd://1
   INFO: [input] ID_VIDEO_FORMAT=0x10000002
   INFO: [input] ID_VIDEO_BITRATE=9800000
   INFO: [input] ID_VIDEO_WIDTH=720
   INFO: [input] ID_VIDEO_HEIGHT=480
   INFO: [input] ID_VIDEO_FPS=29.970
   INFO: [input] ID_VIDEO_ASPECT=1.3333
   INFO: [input] ID_AUDIO_CODEC=a52
   INFO: [input] ID_AUDIO_FORMAT=8192
   INFO: [input] ID_AUDIO_BITRATE=448000
   INFO: [input] ID_AUDIO_RATE=48000
   INFO: [input] ID_AUDIO_NCH=2
   INFO: [input] ID_LENGTH=3343
   INFO: [MENCODERARG]  dvd://1   -noodml
   INFO: [MPLAYEROPT] DVD.avi  -noframedrop -v -osdlevel 0 -vo null -vc dummy -nosound -benchmark
   INFO: [YUVSCALEROPT] -v 1 -n n -O DVD 
   INFO: [MPEG2ENCOPT] -f 8 -b 7500 -V 230 -B 655 -v 1 -S 50000 -n n -F 4 -o DVD.mpv -s -g 6 -G 15 -r 16  -4 2 -2 1
   INFO: [MPLEXOPT] -f 8 -V -b 230 -r 16152 
   INFO: [VCDIMAGEROPT] 
   INFO: [CDRDAOOPT]  --driver generic-mmc --device 0,0,0
   INFO: [GROWISOFSOPT] -dvd-compat -Z /dev/cdrecorder -dvd-video
   INFO: [encode2mpeg] dumping -aid 129
   INFO: [encode2mpeg] dumping -aid 130
   INFO: [encode2mpeg] (mpeg container) dumping first audio stream -aid 128
   INFO: [mencoder] MEncoder 1.0pre5-3.3.1 (C) 2000-2004 MPlayer Team
   INFO: [mencoder] There are 24 titles on this DVD.
   INFO: [mencoder] There are 28 chapters in this DVD title.
   INFO: [mencoder] There are 1 angles in this DVD title.
   INFO: [mencoder] [open] audio stream: 0 audio format: ac3 (5.1) language: en aid: 128
   INFO: [mencoder] [open] audio stream: 1 audio format: ac3 (5.1) language: fr aid: 129
   INFO: [mencoder] [open] audio stream: 2 audio format: ac3 (stereo) language: en aid: 130
   INFO: [mencoder] [open] number of audio channels on disk: 3.
   INFO: [mencoder] [open] subtitle ( sid ): 0 language: en
   INFO: [mencoder] [open] subtitle ( sid ): 1 language: fr
   INFO: [mencoder] [open] subtitle ( sid ): 2 language: en
   INFO: [mencoder] [open] subtitle ( sid ): 3 language: en
   INFO: [mencoder] [open] number of subtitles on disk: 4
   INFO: [mencoder] ==> Found video stream: 0
   INFO: [mencoder] ==> Found audio stream: 130
   INFO: [mencoder] ==> Found audio stream: 129
   INFO: [mencoder] ==> Found audio stream: 128
   INFO: [mencoder] ==> Found subtitle: 3
   INFO: [mencoder] ==> Found subtitle: 2
   INFO: [mencoder] ==> Found subtitle: 1
   INFO: [mencoder] ==> Found subtitle: 0
   INFO: [avimerge] merging aid 129
   INFO: [avimerge] scanning file frameno.avi for video/audio parameter
   INFO: [avimerge] [avilib] V: 29.970 fps, codec=FrNo, frames=158476, width=720, height=480
   INFO: [avimerge] [avilib] A: 48000 Hz, format=0x2000, bits=16, channels=2, bitrate=448 kbps,
   INFO: [avimerge] [avilib]    10576 chunks, 296122624 bytes, CBR
   INFO: [avimerge] TRACK 0 MP3RATE 448 VBR 0
   INFO: [avimerge] merging audio DVD_1_129.audio track (multiplexing) ...
   INFO: [avimerge] ... done multiplexing in DVD.avi
   INFO: [avimerge] merging aid 130
   INFO: [avimerge] scanning file frameno.avi for video/audio parameter
   INFO: [avimerge] [avilib] V: 29.970 fps, codec=FrNo, frames=158476, width=720, height=480
   INFO: [avimerge] [avilib] A: 48000 Hz, format=0x2000, bits=16, channels=2, bitrate=448 kbps,
   INFO: [avimerge] [avilib]    10576 chunks, 296122624 bytes, CBR
   INFO: [avimerge] [avilib] A: 48000 Hz, format=0x2000, bits=16, channels=2, bitrate=448 kbps,
   INFO: [avimerge] [avilib]    165245 chunks, 296119040 bytes, CBR
   INFO: [avimerge] TRACK 0 MP3RATE 448 VBR 0
   INFO: [avimerge] TRACK 1 MP3RATE 448 VBR 0
   INFO: [avimerge] merging audio DVD_2_130.audio track (multiplexing) ...
   INFO: [avimerge] ... done multiplexing in DVD.avi
   INFO: [encode2mpeg] encoded to DVD video with mencoder
   INFO: [mplayer] MPlayer 1.0pre5-3.3.1 (C) 2000-2004 MPlayer Team
   INFO: [mplayer] ==> Found video stream: 0
   INFO: [encode2mpeg] encoding to ac3 audio with copy
   INFO: [encode2mpeg] encoding to ac3 audio with copy
   INFO: [encode2mpeg] encoding to ac3 audio with copy
   INFO: [mplex] mplex version 1.6.2 (2.2.3 $Date: 2004/01/13 20:45:26 $)
   INFO: [mplex] File DVD.mpv looks like an MPEG Video stream.
   INFO: [mplex] File DVD.mpa0 looks like an AC3 Audio stream.
   INFO: [mplex] File DVD.mpa1 looks like an AC3 Audio stream.
   INFO: [mplex] File DVD.mpa2 looks like an AC3 Audio stream.
   INFO: [mplex] Video stream 0: profile 8 selected - ignoring non-standard options!
   INFO: [mplex] Found 3 audio streams and 1 video streams
   INFO: [mplex] Selecting dvdauthor DVD output profile
   INFO: [mplex] Multiplexing video program stream!
   INFO: [mplex] Scanning for header info: Video stream e0 (DVD.mpv) 
   INFO: [mplex] VIDEO STREAM: e0
   INFO: [mplex] Frame width     : 720
   INFO: [mplex] Frame height    : 480
   INFO: [mplex] Aspect ratio    : 4:3 display
   INFO: [mplex] Picture rate    : 29.970 frames/sec
   INFO: [mplex] Bit rate        : 9800000 bits/sec
   INFO: [mplex] Vbv buffer size : 229376 bytes
   INFO: [mplex] CSPF            : 0
   INFO: [mplex] Scanning for header info: AC3 Audio stream 00 (DVD.mpa0)
   INFO: [mplex] AC3 frame size = 1792

   INFO: [mplex] AC3 AUDIO STREAM:
   INFO: [mplex] Bit rate       :    57344 bytes/sec (448 kbit/sec)
   INFO: [mplex] Frequency      :     48000 Hz
   INFO: [mplex] Scanning for header info: AC3 Audio stream 01 (DVD.mpa1)
   INFO: [mplex] AC3 frame size = 1792

   INFO: [mplex] AC3 AUDIO STREAM:
   INFO: [mplex] Bit rate       :    57344 bytes/sec (448 kbit/sec)
   INFO: [mplex] Frequency      :     48000 Hz
   INFO: [mplex] Scanning for header info: AC3 Audio stream 02 (DVD.mpa2)
   INFO: [mplex] AC3 frame size = 768

   INFO: [mplex] AC3 AUDIO STREAM:
   INFO: [mplex] Bit rate       :    24576 bytes/sec (192 kbit/sec)
   INFO: [mplex] Frequency      :     48000 Hz
   INFO: [mplex] SYSTEMS/PROGRAM stream:
   INFO: [mplex] rough-guess multiplexed stream data rate    : 11139096
   INFO: [mplex] target data-rate specified               : 16152000
   INFO: [mplex] Setting specified specified data rate: 16152000
   INFO: [mplex] Run-in Sectors = 91 Video delay = 8307 Audio delay = 11310
   INFO: [mplex] New sequence commences...
   INFO: [mplex] Video e0: buf= 237568 frame=000000 sector=00000000
   INFO: [mplex] Audio bd: buf=  16384 frame=000000 sector=00000000
   INFO: [mplex] Audio bd: buf=  16384 frame=000000 sector=00000000
   INFO: [mplex] Audio bd: buf=  16384 frame=000000 sector=00000000
   INFO: [mplex] STREAM e0 completed @ frame 126850.
   INFO: [mplex] STREAM bd completed @ frame 165244.
   INFO: [mplex] STREAM bd completed @ frame 165244.
   INFO: [mplex] STREAM bd completed @ frame 165246.
   INFO: [mplex] Multiplex completion at SCR=475896894.
   INFO: [mplex] Video e0: buf= 235840 frame=126850 sector=01617806
   INFO: [mplex] Audio bd: buf=   2048 frame=165246 sector=00146887
   INFO: [mplex] Audio bd: buf=   5632 frame=165244 sector=00146885
   INFO: [mplex] Audio bd: buf=  11776 frame=165244 sector=00062951
   INFO: [mplex] VIDEO_STATISTICS: e0
   INFO: [mplex] Video Stream length:  3265219713 bytes
   INFO: [mplex] Sequence headers:    10600
   INFO: [mplex] Sequence ends   :        0
   INFO: [mplex] No. Pictures    :   126851
   INFO: [mplex] No. Groups      :    10600
   INFO: [mplex] No. I Frames    :    10600 avg. size 69530 bytes
   INFO: [mplex] No. P Frames    :    31839 avg. size 34284 bytes
   INFO: [mplex] No. B Frames    :    84413 avg. size 17018 bytes
   INFO: [mplex] Average bit-rate :  4939600 bits/sec
   INFO: [mplex] Peak bit-rate    : 12385600  bits/sec
   INFO: [mplex] BUFFERING min 15 Buf max 223270
   INFO: [mplex] AUDIO_STATISTICS: bd
   INFO: [mplex] Audio stream length 296122624 bytes.
   INFO: [mplex] Frames         : 2411169407
   INFO: [mplex] BUFFERING min 35 Buf max 5187
   INFO: [mplex] AUDIO_STATISTICS: bd
   INFO: [mplex] Audio stream length 296119040 bytes.
   INFO: [mplex] Frames         : 2748575281
   INFO: [mplex] BUFFERING min 35 Buf max 5187
   INFO: [mplex] AUDIO_STATISTICS: bd
   INFO: [mplex] Audio stream length 126908160 bytes.
   INFO: [mplex] Frames         : 1185306371
   INFO: [mplex] BUFFERING min 67 Buf max 3523
   INFO: [mplex] MUX STATUS: no under-runs detected.
   INFO: [subtitle] processing subtitle 0
   INFO: [subtitle] processing subtitle 1
   INFO: [subtitle] processing subtitle 2
   INFO: [subtitle] processing subtitle 3
   INFO: [chapters] 1-28 TIME=0,421.263,739.824,801.261,892.094,1146.724,1305.658,1463.858,1594.197,1842.120,2025.212,2100.429,2262.700,2372.252,2516.805,2895.292,3041.914,3154.068,3276.366,3454.052,3755.395,3887.035,3982.005,4172.738,4231.672,4369.185,4436.728,4564.364 (from DVD)
   INFO: [dvdauthor] DVDAuthor::dvdauthor, version 0.6.10.
   INFO: [dvdauthor] Build options: gnugetopt magick iconv freetype
   INFO: [dvdauthor] Send bugs to <dvdauthor-users@lists.sourceforge.net>
   INFO: [dvdauthor] 
   INFO: [dvdauthor] dvdauthor creating VTS
   STAT: [dvdauthor] Picking VTS 01
   INFO: [dvdauthor] 
   STAT: [dvdauthor] Processing DVD.mpg...
   WARN: [dvdauthor] Audio pts for channel 34 moves backwards; please remultiplex input.
   WARN: [dvdauthor] Previous sector: 1119.845 - 1119.879
   WARN: [dvdauthor] Current sector: 1119.875 - 1119.875
   WARN: [dvdauthor] Audio pts for channel 33 moves backwards; please remultiplex input.
   WARN: [dvdauthor] Previous sector: 1119.845 - 1119.879
   WARN: [dvdauthor] Current sector: 1119.875 - 1119.875
   WARN: [dvdauthor] Audio pts for channel 34 moves backwards; please remultiplex input.
   WARN: [dvdauthor] Previous sector: 1305.095 - 1305.129
   WARN: [dvdauthor] Current sector: 1305.125 - 1305.125
   WARN: [dvdauthor] Audio pts for channel 33 moves backwards; please remultiplex input.
   WARN: [dvdauthor] Previous sector: 1305.095 - 1305.129
   WARN: [dvdauthor] Current sector: 1305.125 - 1305.125
   WARN: [dvdauthor] Audio pts for channel 34 moves backwards; please remultiplex input.
   WARN: [dvdauthor] Previous sector: 2165.455 - 2173.329
   WARN: [dvdauthor] Current sector: 2173.325 - 2173.325
   WARN: [dvdauthor] Audio pts for channel 33 moves backwards; please remultiplex input.
   WARN: [dvdauthor] Previous sector: 2165.455 - 2173.329
   WARN: [dvdauthor] Current sector: 2173.325 - 2173.325
   WARN: [dvdauthor] Audio pts for channel 35 moves backwards; please remultiplex input.
   WARN: [dvdauthor] Previous sector: 3754.245 - 3754.279
   WARN: [dvdauthor] Current sector: 3754.275 - 3754.275
   WARN: [dvdauthor] Audio pts for channel 34 moves backwards; please remultiplex input.
   WARN: [dvdauthor] Previous sector: 3761.945 - 3765.518
   WARN: [dvdauthor] Current sector: 3765.515 - 3765.515
   WARN: [dvdauthor] Audio pts for channel 33 moves backwards; please remultiplex input.
   WARN: [dvdauthor] Previous sector: 3761.945 - 3765.518
   WARN: [dvdauthor] Current sector: 3765.515 - 3765.515
   WARN: [dvdauthor] Audio pts for channel 34 moves backwards; please remultiplex input.
   WARN: [dvdauthor] Previous sector: 3765.515 - 3769.930
   WARN: [dvdauthor] Current sector: 3769.925 - 3769.925
   WARN: [dvdauthor] Audio pts for channel 33 moves backwards; please remultiplex input.
   WARN: [dvdauthor] Previous sector: 3765.515 - 3769.930
   WARN: [dvdauthor] Current sector: 3769.925 - 3769.925
   WARN: [dvdauthor] Audio pts for channel 34 moves backwards; please remultiplex input.
   WARN: [dvdauthor] Previous sector: 3769.925 - 3770.528
   WARN: [dvdauthor] Current sector: 3770.525 - 3770.525
   WARN: [dvdauthor] Audio pts for channel 33 moves backwards; please remultiplex input.
   WARN: [dvdauthor] Previous sector: 3769.925 - 3770.528
   WARN: [dvdauthor] Current sector: 3770.525 - 3770.525
   INFO: [dvdauthor] 
   INFO: [dvdauthor] Video pts = 0.125 .. 5288.024
   INFO: [dvdauthor] Audio[0] pts = 0.125 .. 5288.029
   INFO: [dvdauthor] Audio[1] pts = 0.125 .. 5287.965
   INFO: [dvdauthor] Audio[2] pts = 0.125 .. 5287.965
   INFO: [dvdauthor] Audio[33] pts = 25.785 .. 4826.308
   INFO: [dvdauthor] Audio[34] pts = 25.785 .. 4830.917
   INFO: [dvdauthor] Audio[35] pts = 7.265 .. 5050.692
   INFO: [dvdauthor] 
   INFO: [dvdauthor] Generating VTS with the following video attributes:
   INFO: [dvdauthor] MPEG version: mpeg2
   INFO: [dvdauthor] TV standard: ntsc
   INFO: [dvdauthor] Aspect ratio: 4:3
   INFO: [dvdauthor] Resolution: 720x480
   INFO: [dvdauthor] Audio ch 0 format: ac3/6ch, 48khz drc, 'en'
   INFO: [dvdauthor] Audio ch 1 format: ac3/6ch, 48khz drc, 'fr'
   INFO: [dvdauthor] Audio ch 2 format: ac3/2ch, 48khz drc, surround, 'en'
   INFO: [dvdauthor] 
   STAT: [dvdauthor] fixed 10577 VOBUS                         
   INFO: [dvdauthor] DVDAuthor::dvdauthor, version 0.6.10.
   INFO: [dvdauthor] Build options: gnugetopt magick iconv freetype
   INFO: [dvdauthor] Send bugs to <dvdauthor-users@lists.sourceforge.net>
   INFO: [dvdauthor] 
   INFO: [dvdauthor] dvdauthor creating table of contents
   INFO: [dvdauthor] Scanning DVD/VIDEO_TS/VTS_01_0.IFO
   MPEG: VIDEO:  MPEG2  720x480  (aspect 2)  29.970 fps  9800.0 kbps (1225.0 kbyte/s)
   MPEG: AUDIO[128]: AC3: 5.1 (3f+2r+lfe)  48000 Hz  448.0 kbit/s
   MPEG: AUDIO[129]: AC3: 5.1 (3f+2r+lfe)  48000 Hz  448.0 kbit/s
   MPEG: AUDIO[130]: AC3: 2.0 (dolby)  48000 Hz  192.0 kbit/s
   MPEG: DVD.mpg is 4113149952 bytes, 3.8 GB
 JOBEND: DVD [2004-12-09 18:04:14] (1h12m45s)
