--- LOG: DVD5 [2004-11-03 12:31:52]   
   INFO: [encode2mpeg] version 0.3.0
   INFO: [encode2mpeg] command line: '-o DVD5 dvd://1 -mpeg -n n -dvd -encode 0:2:1 -ac3 copy -aid 128 -usesbr 4480 -a 3'
   MPEG: frameformat:DVD vfr:4 vbr:7500 abr:192 asr:48000 audioformat:ac3 ac3:copy mpegencoder:mencoder
   MPEG: encode:0:2:1 usesbr:4480 AUDIOPASS:-oac copy VIDEOPASS:-of mpeg -ovc lavc -lavcopts vcodec=mpeg2video:aspect=16/9:vbitrate=7500:psnr:mbd=2:keyint=300:vrc_buf_size=1835 PASS:1 
   INFO: [input] ID_FILENAME=dvd://1
   INFO: [input] ID_VIDEO_FORMAT=0x10000002
   INFO: [input] ID_VIDEO_BITRATE=8450000
   INFO: [input] ID_VIDEO_WIDTH=720
   INFO: [input] ID_VIDEO_HEIGHT=480
   INFO: [input] ID_VIDEO_FPS=29.970
   INFO: [input] ID_VIDEO_ASPECT=1.7778
   INFO: [input] ID_AUDIO_CODEC=a52
   INFO: [input] ID_AUDIO_FORMAT=8192
   INFO: [input] ID_AUDIO_BITRATE=384000
   INFO: [input] ID_AUDIO_RATE=48000
   INFO: [input] ID_AUDIO_NCH=2
   INFO: [input] ID_LENGTH=0
   INFO: [MENCODERARG]  dvd://1 -aid 128   -ofps 30000/1001 -vf scale=720:480,harddup
   INFO: [MPLAYEROPT] DVD5.avi  -noframedrop -v -osdlevel 0 -vo null -vc dummy -nosound -benchmark
   INFO: [YUVSCALEROPT] -v 1 -n n -O DVD 
   INFO: [MPEG2ENCOPT] -f 8 -b 7500 -V 230 -B 260 -v 1 -S 50000 -n n -F 4 -o DVD5.mpv -s -g 6 -G 15 -r 16  -a 3 -4 2 -2 1
   INFO: [MPLEXOPT] -r 22500 -f 8 -V -b 230 
   INFO: [VCDIMAGEROPT] 
   INFO: [CDRDAOOPT]  --driver generic-mmc --device 0,0,0
   INFO: [GROWISOFSOPT] -dvd-compat -Z /dev/cdrecorder -dvd-video
   INFO: [encode2mpeg] (mpeg container) dumping first audio stream 
   INFO: [mencoder] Recommended video bitrate for 650MB CD: 422
   INFO: [mencoder] Recommended video bitrate for 700MB CD: 485
   INFO: [mencoder] Recommended video bitrate for 800MB CD: 610
   INFO: [mencoder] Recommended video bitrate for 2 x 650MB CD: 1236
   INFO: [mencoder] Recommended video bitrate for 2 x 700MB CD: 1361
   INFO: [mencoder] Recommended video bitrate for 2 x 800MB CD: 1611
   INFO: [mencoder] using vbitrate=5217
   INFO: [mencoder] MEncoder 1.0pre5-3.3.1 (C) 2000-2004 MPlayer Team
   INFO: [mencoder] There are 5 titles on this DVD.
   INFO: [mencoder] There are 17 chapters in this DVD title.
   INFO: [mencoder] There are 1 angles in this DVD title.
   INFO: [mencoder] [open] audio stream: 0 audio format: ac3 (5.1) language: en aid: 128
   INFO: [mencoder] [open] audio stream: 1 audio format: ac3 (stereo) language: en aid: 129
   INFO: [mencoder] [open] audio stream: 2 audio format: ac3 (stereo) language: es aid: 130
   INFO: [mencoder] [open] audio stream: 3 audio format: ac3 (stereo) language: fr aid: 131
   INFO: [mencoder] [open] audio stream: 4 audio format: ac3 (stereo) language: en aid: 132
   INFO: [mencoder] [open] number of audio channels on disk: 5.
   INFO: [mencoder] [open] subtitle ( sid ): 0 language: en
   INFO: [mencoder] [open] subtitle ( sid ): 1 language: fr
   INFO: [mencoder] [open] subtitle ( sid ): 2 language: es
   INFO: [mencoder] [open] subtitle ( sid ): 3 language: fr
   INFO: [mencoder] [open] number of subtitles on disk: 4
   INFO: [mencoder] ==> Found video stream: 0
   INFO: [mencoder] ==> Found audio stream: 128
   INFO: [mencoder] ==> Found audio stream: 129
   INFO: [mencoder] ==> Found audio stream: 130
   INFO: [mencoder] ==> Found audio stream: 131
   INFO: [mencoder] ==> Found audio stream: 132
   INFO: [mencoder] ==> Found subtitle: 1
   INFO: [mencoder] ==> Found subtitle: 2
   INFO: [mencoder] ==> Found subtitle: 0
   INFO: [mencoder] ==> Found subtitle: 3
   INFO: [mencoder] PSNR: Y:46.23, Cb:47.61, Cr:48.41, All:46.74
   INFO: [mplayer] MPlayer 1.0pre5-3.3.1 (C) 2000-2004 MPlayer Team
   INFO: [mplayer] ==> Found video stream: 0
   INFO: [encode2mpeg] encoded to DVD video with mencoder
   INFO: [encode2mpeg] encoding to ac3 audio with copy
   INFO: [mplex] mplex version 1.6.2 (2.2.3 $Date: 2004/01/13 20:45:26 $)
   INFO: [mplex] File DVD5.mpv looks like an MPEG Video stream.
   INFO: [mplex] File DVD5.mpa looks like an AC3 Audio stream.
   INFO: [mplex] Video stream 0: profile 8 selected - ignoring non-standard options!
   INFO: [mplex] Found 1 audio streams and 1 video streams
   INFO: [mplex] Selecting dvdauthor DVD output profile
   INFO: [mplex] Multiplexing video program stream!
   INFO: [mplex] Scanning for header info: Video stream e0 (DVD5.mpv) 
   INFO: [mplex] VIDEO STREAM: e0
   INFO: [mplex] Frame width     : 720
   INFO: [mplex] Frame height    : 480
   INFO: [mplex] Aspect ratio    : 16:9 display
   INFO: [mplex] Picture rate    : 29.970 frames/sec
   INFO: [mplex] Bit rate        : variable
   INFO: [mplex] Vbv buffer size : 229376 bytes
   INFO: [mplex] CSPF            : 0
   INFO: [mplex] Scanning for header info: AC3 Audio stream 00 (DVD5.mpa)
   INFO: [mplex] AC3 frame size = 1536

   INFO: [mplex] AC3 AUDIO STREAM:
   INFO: [mplex] Bit rate       :    49152 bytes/sec (384 kbit/sec)
   INFO: [mplex] Frequency      :     48000 Hz
   INFO: [mplex] SYSTEMS/PROGRAM stream:
   INFO: [mplex] rough-guess multiplexed stream data rate    : 0402496
   INFO: [mplex] target data-rate specified               : 22500000
   INFO: [mplex] Setting specified specified data rate: 22500000
   INFO: [mplex] Run-in Sectors = 89 Video delay = 5832 Audio delay = 8835
   INFO: [mplex] New sequence commences...
   INFO: [mplex] Video e0: buf= 237568 frame=000000 sector=00000000
   INFO: [mplex] Audio bd: buf=  16384 frame=000000 sector=00000000
   INFO: [mplex] STREAM bd completed @ frame 209451.
   INFO: [mplex] STREAM e0 completed @ frame 200974.
   INFO: [mplex] Multiplex completion at SCR=603445329.
   INFO: [mplex] Video e0: buf= 226456 frame=200974 sector=01752371
   INFO: [mplex] Audio bd: buf=  16384 frame=209451 sector=00159583
   INFO: [mplex] VIDEO_STATISTICS: e0
   INFO: [mplex] Video Stream length:  3546502328 bytes
   INFO: [mplex] Sequence headers:     2017
   INFO: [mplex] Sequence ends   :        0
   INFO: [mplex] No. Pictures    :   200975
   INFO: [mplex] No. Groups      :     2017
   INFO: [mplex] No. I Frames    :     2017 avg. size 41258 bytes
   INFO: [mplex] No. P Frames    :   198959 avg. size 17407 bytes
   INFO: [mplex] No. B Frames    :        0 avg. size     0 bytes
   INFO: [mplex] Average bit-rate :  4230800 bits/sec
   INFO: [mplex] Peak bit-rate    : 40080400  bits/sec
   INFO: [mplex] BUFFERING min 15 Buf max 227463
   INFO: [mplex] AUDIO_STATISTICS: bd
   INFO: [mplex] Audio stream length 321718272 bytes.
   INFO: [mplex] Frames         : 1378964689
   INFO: [mplex] BUFFERING min 67 Buf max 3043
   INFO: [mplex] MUX STATUS: no under-runs detected.
   INFO: [dvdauthor] DVDAuthor::dvdauthor, version 0.6.10.
   INFO: [dvdauthor] Build options: gnugetopt magick iconv freetype
   INFO: [dvdauthor] Send bugs to <dvdauthor-users@lists.sourceforge.net>
   INFO: [dvdauthor] 
   INFO: [dvdauthor] dvdauthor creating VTS
   STAT: [dvdauthor] Picking VTS 01
   INFO: [dvdauthor] 
   STAT: [dvdauthor] Processing DVD5.mpg...
   INFO: [dvdauthor] 
   INFO: [dvdauthor] Video pts = 0.098 .. 6705.964
   INFO: [dvdauthor] Audio[0] pts = 0.098 .. 6702.562
   INFO: [dvdauthor] 
   INFO: [dvdauthor] Generating VTS with the following video attributes:
   INFO: [dvdauthor] MPEG version: mpeg2
   INFO: [dvdauthor] TV standard: ntsc
   INFO: [dvdauthor] Aspect ratio: 16:9
   INFO: [dvdauthor] Resolution: 720x480
   INFO: [dvdauthor] Audio ch 0 format: ac3/6ch, 48khz drc, 'en'
   INFO: [dvdauthor] 
   STAT: [dvdauthor] fixed 1968 VOBUS                         
   INFO: [dvdauthor] DVDAuthor::dvdauthor, version 0.6.10.
   INFO: [dvdauthor] Build options: gnugetopt magick iconv freetype
   INFO: [dvdauthor] Send bugs to <dvdauthor-users@lists.sourceforge.net>
   INFO: [dvdauthor] 
   INFO: [dvdauthor] dvdauthor creating table of contents
   INFO: [dvdauthor] Scanning DVD5/VIDEO_TS/VTS_01_0.IFO
   INFO: [growisofs] WARNING: /dev/cdrecorder already carries isofs!
   INFO: [growisofs] About to execute 'mkisofs -dvd-video DVD5 | builtin_dd of=/dev/cdrecorder obs=32k seek=0'
   INFO: [growisofs] /dev/cdrecorder: "Current Write Speed" is 2.4x1385KBps.
   INFO: [growisofs] Total translation table size: 0
   INFO: [growisofs] Total rockridge attributes bytes: 0
   INFO: [growisofs] Total directory bytes: 4096
   INFO: [growisofs] Path table size(bytes): 42
   INFO: [growisofs] Max brk space used 21864
   INFO: [growisofs] 1914384 extents written (3739 Mb)
   INFO: [growisofs] /dev/cdrecorder: flushing cache
   INFO: [growisofs] /dev/cdrecorder: writing lead-out
   INFO: [growisofs] /dev/cdrecorder: reloading tray
   MPEG: VIDEO:  MPEG2  720x480  (aspect 3)  29.970 fps    0.0 kbps ( 0.0 kbyte/s)
   MPEG: AUDIO[128]: AC3: 5.1 (3f+2r+lfe)  48000 Hz  384.0 kbit/s
   MPEG: DVD5.mpg is 3919714304 bytes, 3.7 GB
 JOBEND: DVD5 [2004-11-03 14:27:12] (1h55m20s)
